[    22.924] (--) Log file renamed from "/home/alex/.local/share/xorg/Xorg.pid-5595.log" to "/home/alex/.local/share/xorg/Xorg.0.log"
[    22.924] 
X.Org X Server 1.20.13
X Protocol Version 11, Revision 0
[    22.924] Build Operating System: linux Ubuntu
[    22.924] Current Operating System: Linux alexUbuntu 5.15.0-131-generic #141~20.04.1-Ubuntu SMP Thu Jan 16 18:38:51 UTC 2025 x86_64
[    22.924] Kernel command line: BOOT_IMAGE=/boot/vmlinuz-5.15.0-131-generic root=UUID=a496b910-37cc-448c-a1f9-0da572b90086 ro quiet splash
[    22.924] Build Date: 19 February 2025  01:54:27PM
[    22.924] xorg-server 2:1.20.13-1ubuntu1~20.04.19 (For technical support please see http://www.ubuntu.com/support) 
[    22.924] Current version of pixman: 0.38.4
[    22.924] 	Before reporting problems, check http://wiki.x.org
	to make sure that you have the latest version.
[    22.924] Markers: (--) probed, (**) from config file, (==) default setting,
	(++) from command line, (!!) notice, (II) informational,
	(WW) warning, (EE) error, (NI) not implemented, (??) unknown.
[    22.924] (==) Log file: "/home/alex/.local/share/xorg/Xorg.0.log", Time: Tue Mar  4 13:42:50 2025
[    22.925] (==) Using system config directory "/usr/share/X11/xorg.conf.d"
[    22.927] (==) No Layout section.  Using the first Screen section.
[    22.927] (==) No screen section available. Using defaults.
[    22.927] (**) |-->Screen "Default Screen Section" (0)
[    22.927] (**) |   |-->Monitor "<default monitor>"
[    22.928] (==) No monitor specified for screen "Default Screen Section".
	Using a default monitor configuration.
[    22.928] (==) Automatically adding devices
[    22.928] (==) Automatically enabling devices
[    22.928] (==) Automatically adding GPU devices
[    22.928] (==) Automatically binding GPU devices
[    22.928] (==) Max clients allowed: 256, resource mask: 0x1fffff
[    22.928] (WW) The directory "/usr/share/fonts/X11/cyrillic" does not exist.
[    22.928] 	Entry deleted from font path.
[    22.928] (WW) The directory "/usr/share/fonts/X11/100dpi/" does not exist.
[    22.928] 	Entry deleted from font path.
[    22.928] (WW) The directory "/usr/share/fonts/X11/75dpi/" does not exist.
[    22.928] 	Entry deleted from font path.
[    22.928] (WW) The directory "/usr/share/fonts/X11/100dpi" does not exist.
[    22.928] 	Entry deleted from font path.
[    22.928] (WW) The directory "/usr/share/fonts/X11/75dpi" does not exist.
[    22.928] 	Entry deleted from font path.
[    22.928] (==) FontPath set to:
	/usr/share/fonts/X11/misc,
	/usr/share/fonts/X11/Type1,
	built-ins
[    22.928] (==) ModulePath set to "/usr/lib/xorg/modules"
[    22.928] (II) The server relies on udev to provide the list of input devices.
	If no devices become available, reconfigure udev or disable AutoAddDevices.
[    22.928] (II) Loader magic: 0x55c6e9261020
[    22.928] (II) Module ABI versions:
[    22.928] 	X.Org ANSI C Emulation: 0.4
[    22.928] 	X.Org Video Driver: 24.1
[    22.928] 	X.Org XInput driver : 24.1
[    22.928] 	X.Org Server Extension : 10.0
[    22.929] (++) using VT number 2

[    22.931] (II) systemd-logind: took control of session /org/freedesktop/login1/session/_32
[    22.931] (II) xfree86: Adding drm device (/dev/dri/card0)
[    22.932] (II) systemd-logind: got fd for /dev/dri/card0 226:0 fd 12 paused 0
[    22.933] (--) PCI:*(0@0:2:0) 15ad:0405:15ad:0405 rev 0, Mem @ 0xe0000000/134217728, 0xf0000000/2097152, I/O @ 0x0000d010/16, BIOS @ 0x????????/131072
[    22.933] (II) LoadModule: "glx"
[    22.934] (II) Loading /usr/lib/xorg/modules/extensions/libglx.so
[    22.936] (II) Module glx: vendor="X.Org Foundation"
[    22.936] 	compiled for 1.20.13, module version = 1.0.0
[    22.936] 	ABI class: X.Org Server Extension, version 10.0
[    22.936] (==) Matched vmware as autoconfigured driver 0
[    22.936] (==) Matched modesetting as autoconfigured driver 1
[    22.936] (==) Matched fbdev as autoconfigured driver 2
[    22.936] (==) Matched vesa as autoconfigured driver 3
[    22.936] (==) Assigned the driver to the xf86ConfigLayout
[    22.936] (II) LoadModule: "vmware"
[    22.936] (II) Loading /usr/lib/xorg/modules/drivers/vmware_drv.so
[    22.972] (II) Module vmware: vendor="X.Org Foundation"
[    22.972] 	compiled for 1.20.8, module version = 13.3.0
[    22.972] 	Module class: X.Org Video Driver
[    22.972] 	ABI class: X.Org Video Driver, version 24.1
[    22.972] (II) LoadModule: "modesetting"
[    22.972] (II) Loading /usr/lib/xorg/modules/drivers/modesetting_drv.so
[    22.974] (II) Module modesetting: vendor="X.Org Foundation"
[    22.974] 	compiled for 1.20.13, module version = 1.20.13
[    22.974] 	Module class: X.Org Video Driver
[    22.974] 	ABI class: X.Org Video Driver, version 24.1
[    22.974] (II) LoadModule: "fbdev"
[    22.974] (II) Loading /usr/lib/xorg/modules/drivers/fbdev_drv.so
[    22.976] (II) Module fbdev: vendor="X.Org Foundation"
[    22.976] 	compiled for 1.20.1, module version = 0.5.0
[    22.976] 	Module class: X.Org Video Driver
[    22.976] 	ABI class: X.Org Video Driver, version 24.0
[    22.976] (II) LoadModule: "vesa"
[    22.976] (II) Loading /usr/lib/xorg/modules/drivers/vesa_drv.so
[    22.977] (II) Module vesa: vendor="X.Org Foundation"
[    22.977] 	compiled for 1.20.4, module version = 2.4.0
[    22.977] 	Module class: X.Org Video Driver
[    22.977] 	ABI class: X.Org Video Driver, version 24.0
[    22.977] (II) vmware: driver for VMware SVGA: vmware0405, vmware0710
[    22.977] (II) modesetting: Driver for Modesetting Kernel Drivers: kms
[    22.977] (II) FBDEV: driver for framebuffer: fbdev
[    22.977] (II) VESA: driver for VESA chipsets: vesa
[    22.977] xf86EnableIOPorts: failed to set IOPL for I/O (Operation not permitted)
[    22.977] (WW) Falling back to old probe method for modesetting
[    22.977] (WW) Falling back to old probe method for fbdev
[    22.977] (II) Loading sub module "fbdevhw"
[    22.977] (II) LoadModule: "fbdevhw"
[    22.977] (II) Loading /usr/lib/xorg/modules/libfbdevhw.so
[    22.978] (II) Module fbdevhw: vendor="X.Org Foundation"
[    22.978] 	compiled for 1.20.13, module version = 0.0.2
[    22.978] 	ABI class: X.Org Video Driver, version 24.1
[    22.978] (EE) open /dev/fb0: Permission denied
[    22.978] (WW) VGA arbiter: cannot open kernel arbiter, no multi-card support
[    22.978] (II) vmware(0): Creating default Display subsection in Screen section
	"Default Screen Section" for depth/fbbpp 24/32
[    22.978] (--) vmware(0): DRM driver version is 2.19.0
[    22.978] (==) vmware(0): Depth 24, (--) framebuffer bpp 32
[    22.978] (==) vmware(0): RGB weight 888
[    22.978] (==) vmware(0): Default visual is TrueColor
[    22.978] (--) vmware(0): Min width 1, Max Width 8192.
[    22.978] (--) vmware(0): Min height 1, Max Height 8192.
[    22.978] (II) vmware(0): Output Virtual1 has no monitor section
[    22.978] (II) vmware(0): Output Virtual2 has no monitor section
[    22.978] (II) vmware(0): Output Virtual3 has no monitor section
[    22.978] (II) vmware(0): Output Virtual4 has no monitor section
[    22.978] (II) vmware(0): Output Virtual5 has no monitor section
[    22.978] (II) vmware(0): Output Virtual6 has no monitor section
[    22.978] (II) vmware(0): Output Virtual7 has no monitor section
[    22.978] (II) vmware(0): Output Virtual8 has no monitor section
[    22.978] (II) vmware(0): Printing probed modes for output Virtual1
[    22.978] (II) vmware(0): Modeline "800x600"x60.0   42.75  800 850 900 950  600 650 700 750 -hsync +vsync (45.0 kHz eP)
[    22.978] (II) vmware(0): Modeline "3840x2400"x60.0  592.25  3840 3888 3920 4000  2400 2403 2409 2469 +hsync -vsync (148.1 kHz e)
[    22.978] (II) vmware(0): Modeline "3840x2160"x60.0  533.00  3840 3888 3920 4000  2160 2163 2168 2222 +hsync -vsync (133.2 kHz e)
[    22.978] (II) vmware(0): Modeline "2880x1800"x59.9  337.50  2880 2928 2960 3040  1800 1803 1809 1852 +hsync -vsync (111.0 kHz e)
[    22.978] (II) vmware(0): Modeline "2560x1600"x60.0  348.50  2560 2752 3032 3504  1600 1603 1609 1658 -hsync +vsync (99.5 kHz e)
[    22.978] (II) vmware(0): Modeline "2560x1440"x60.0  241.50  2560 2608 2640 2720  1440 1443 1448 1481 +hsync -vsync (88.8 kHz e)
[    22.978] (II) vmware(0): Modeline "1920x1440"x60.0  234.00  1920 2048 2256 2600  1440 1441 1444 1500 -hsync +vsync (90.0 kHz e)
[    22.978] (II) vmware(0): Modeline "1856x1392"x60.0  218.25  1856 1952 2176 2528  1392 1393 1396 1439 -hsync +vsync (86.3 kHz e)
[    22.978] (II) vmware(0): Modeline "1792x1344"x60.0  204.75  1792 1920 2120 2448  1344 1345 1348 1394 -hsync +vsync (83.6 kHz e)
[    22.978] (II) vmware(0): Modeline "1920x1200"x59.9  193.25  1920 2056 2256 2592  1200 1203 1209 1245 -hsync +vsync (74.6 kHz e)
[    22.978] (II) vmware(0): Modeline "1920x1080"x60.0  173.00  1920 2048 2248 2576  1080 1083 1088 1120 -hsync +vsync (67.2 kHz e)
[    22.978] (II) vmware(0): Modeline "1600x1200"x60.0  162.00  1600 1664 1856 2160  1200 1201 1204 1250 +hsync +vsync (75.0 kHz e)
[    22.978] (II) vmware(0): Modeline "1680x1050"x60.0  146.25  1680 1784 1960 2240  1050 1053 1059 1089 -hsync +vsync (65.3 kHz e)
[    22.979] (II) vmware(0): Modeline "1400x1050"x60.0  121.75  1400 1488 1632 1864  1050 1053 1057 1089 -hsync +vsync (65.3 kHz e)
[    22.979] (II) vmware(0): Modeline "1280x1024"x60.0  108.00  1280 1328 1440 1688  1024 1025 1028 1066 +hsync +vsync (64.0 kHz e)
[    22.979] (II) vmware(0): Modeline "1440x900"x59.9  106.50  1440 1520 1672 1904  900 903 909 934 -hsync +vsync (55.9 kHz e)
[    22.979] (II) vmware(0): Modeline "1280x960"x60.0  108.00  1280 1376 1488 1800  960 961 964 1000 +hsync +vsync (60.0 kHz e)
[    22.979] (II) vmware(0): Modeline "1360x768"x60.0   85.50  1360 1424 1536 1792  768 771 777 795 +hsync +vsync (47.7 kHz e)
[    22.979] (II) vmware(0): Modeline "1280x800"x59.8   83.50  1280 1352 1480 1680  800 803 809 831 +hsync -vsync (49.7 kHz e)
[    22.979] (II) vmware(0): Modeline "1152x864"x75.0  108.00  1152 1216 1344 1600  864 865 868 900 +hsync +vsync (67.5 kHz e)
[    22.979] (II) vmware(0): Modeline "1280x768"x59.9   79.50  1280 1344 1472 1664  768 771 778 798 -hsync +vsync (47.8 kHz e)
[    22.979] (II) vmware(0): Modeline "1280x720"x59.9   74.50  1280 1344 1472 1664  720 723 728 748 -hsync +vsync (44.8 kHz e)
[    22.979] (II) vmware(0): Modeline "1024x768"x60.0   65.00  1024 1048 1184 1344  768 771 777 806 -hsync -vsync (48.4 kHz e)
[    22.979] (II) vmware(0): Modeline "800x600"x60.3   40.00  800 840 968 1056  600 601 605 628 +hsync +vsync (37.9 kHz e)
[    22.979] (II) vmware(0): Modeline "640x480"x59.9   25.18  640 656 752 800  480 489 492 525 -hsync -vsync (31.5 kHz e)
[    22.979] (II) vmware(0): EDID for output Virtual2
[    22.979] (II) vmware(0): EDID for output Virtual3
[    22.979] (II) vmware(0): EDID for output Virtual4
[    22.979] (II) vmware(0): EDID for output Virtual5
[    22.979] (II) vmware(0): EDID for output Virtual6
[    22.979] (II) vmware(0): EDID for output Virtual7
[    22.979] (II) vmware(0): EDID for output Virtual8
[    22.979] (II) vmware(0): Output Virtual1 connected
[    22.979] (II) vmware(0): Output Virtual2 disconnected
[    22.979] (II) vmware(0): Output Virtual3 disconnected
[    22.979] (II) vmware(0): Output Virtual4 disconnected
[    22.979] (II) vmware(0): Output Virtual5 disconnected
[    22.979] (II) vmware(0): Output Virtual6 disconnected
[    22.979] (II) vmware(0): Output Virtual7 disconnected
[    22.979] (II) vmware(0): Output Virtual8 disconnected
[    22.979] (II) vmware(0): Using exact sizes for initial modes
[    22.979] (II) vmware(0): Output Virtual1 using initial mode 800x600 +0+0
[    22.979] (==) vmware(0): DPI set to (96, 96)
[    22.979] (==) vmware(0): Using gamma correction (1.0, 1.0, 1.0)
[    22.979] (II) Loading sub module "fb"
[    22.979] (II) LoadModule: "fb"
[    22.979] (II) Loading /usr/lib/xorg/modules/libfb.so
[    22.981] (II) Module fb: vendor="X.Org Foundation"
[    22.981] 	compiled for 1.20.13, module version = 1.0.0
[    22.981] 	ABI class: X.Org ANSI C Emulation, version 0.4
[    22.981] (II) Loading sub module "dri2"
[    22.981] (II) LoadModule: "dri2"
[    22.981] (II) Module "dri2" already built-in
[    22.981] (II) Loading sub module "dri3"
[    22.981] (II) LoadModule: "dri3"
[    22.981] (II) Module "dri3" already built-in
[    22.981] (II) UnloadModule: "modesetting"
[    22.981] (II) Unloading modesetting
[    22.981] (II) UnloadModule: "fbdev"
[    22.981] (II) Unloading fbdev
[    22.981] (II) UnloadSubModule: "fbdevhw"
[    22.981] (II) Unloading fbdevhw
[    22.981] (II) UnloadModule: "vesa"
[    22.981] (II) Unloading vesa
[    22.982] (II) vmware(0): Initialized VMWARE_CTRL extension version 0.2
[    22.986] (WW) vmware(0): Failed to initialize Gallium3D Xa. No render acceleration available.
[    22.986] (WW) vmware(0): Skipped initialization of direct rendering due to lack of render acceleration.
[    22.986] (--) vmware(0): Render acceleration is disabled.
[    22.986] (==) vmware(0): Rendercheck mode is disabled.
[    22.986] (--) vmware(0): Direct rendering (DRI2 3D) is disabled.
[    22.986] (--) vmware(0): Direct rendering (DRI3 3D) is disabled.
[    22.986] (==) vmware(0): Backing store enabled
[    22.986] (==) vmware(0): Silken mouse enabled
[    22.988] (==) vmware(0): DPMS enabled
[    22.988] (II) vmware(0): No 3D acceleration. Not setting up textured video.
[    22.988] (WW) vmware(0): Disabling Xv because no adaptors could be initialized.
[    22.988] (II) Initializing extension Generic Event Extension
[    22.988] (II) Initializing extension SHAPE
[    22.988] (II) Initializing extension MIT-SHM
[    22.988] (II) Initializing extension XInputExtension
[    22.989] (II) Initializing extension XTEST
[    22.989] (II) Initializing extension BIG-REQUESTS
[    22.989] (II) Initializing extension SYNC
[    22.989] (II) Initializing extension XKEYBOARD
[    22.989] (II) Initializing extension XC-MISC
[    22.989] (II) Initializing extension SECURITY
[    22.989] (II) Initializing extension XFIXES
[    22.989] (II) Initializing extension RENDER
[    22.990] (II) Initializing extension RANDR
[    22.990] (II) Initializing extension COMPOSITE
[    22.990] (II) Initializing extension DAMAGE
[    22.990] (II) Initializing extension MIT-SCREEN-SAVER
[    22.990] (II) Initializing extension DOUBLE-BUFFER
[    22.990] (II) Initializing extension RECORD
[    22.990] (II) Initializing extension DPMS
[    22.990] (II) Initializing extension Present
[    22.990] (II) Initializing extension DRI3
[    22.990] (II) Initializing extension X-Resource
[    22.990] (II) Initializing extension XVideo
[    22.990] (II) Initializing extension XVideo-MotionCompensation
[    22.990] (II) Initializing extension SELinux
[    22.990] (II) SELinux: Disabled on system
[    22.990] (II) Initializing extension GLX
[    22.990] (II) AIGLX: Screen 0 is not DRI2 capable
[    22.998] (II) IGLX: Loaded and initialized swrast
[    22.998] (II) GLX: Initialized DRISWRAST GL provider for screen 0
[    22.998] (II) Initializing extension XFree86-VidModeExtension
[    22.998] (II) Initializing extension XFree86-DGA
[    22.998] (II) Initializing extension XFree86-DRI
[    22.999] (II) Initializing extension DRI2
[    23.013] (II) vmware(0): Setting screen physical size to 211 x 158
[    23.040] (II) config/udev: Adding input device Power Button (/dev/input/event0)
[    23.040] (**) Power Button: Applying InputClass "libinput keyboard catchall"
[    23.040] (II) LoadModule: "libinput"
[    23.040] (II) Loading /usr/lib/xorg/modules/input/libinput_drv.so
[    23.044] (II) Module libinput: vendor="X.Org Foundation"
[    23.044] 	compiled for 1.20.4, module version = 0.29.0
[    23.044] 	Module class: X.Org XInput Driver
[    23.044] 	ABI class: X.Org XInput driver, version 24.1
[    23.044] (II) Using input driver 'libinput' for 'Power Button'
[    23.045] (II) systemd-logind: got fd for /dev/input/event0 13:64 fd 20 paused 0
[    23.045] (**) Power Button: always reports core events
[    23.045] (**) Option "Device" "/dev/input/event0"
[    23.045] (**) Option "_source" "server/udev"
[    23.046] (II) event0  - Power Button: is tagged by udev as: Keyboard
[    23.046] (II) event0  - Power Button: device is a keyboard
[    23.046] (II) event0  - Power Button: device removed
[    23.046] (**) Option "config_info" "udev:/sys/devices/LNXSYSTM:00/LNXPWRBN:00/input/input0/event0"
[    23.046] (II) XINPUT: Adding extended input device "Power Button" (type: KEYBOARD, id 6)
[    23.046] (**) Option "xkb_model" "pc105"
[    23.046] (**) Option "xkb_layout" "fr"
[    23.046] (**) Option "xkb_variant" "latin9"
[    23.065] (II) event0  - Power Button: is tagged by udev as: Keyboard
[    23.065] (II) event0  - Power Button: device is a keyboard
[    23.065] (II) config/udev: Adding input device Sleep Button (/dev/input/event1)
[    23.065] (**) Sleep Button: Applying InputClass "libinput keyboard catchall"
[    23.065] (II) Using input driver 'libinput' for 'Sleep Button'
[    23.066] (II) systemd-logind: got fd for /dev/input/event1 13:65 fd 23 paused 0
[    23.066] (**) Sleep Button: always reports core events
[    23.066] (**) Option "Device" "/dev/input/event1"
[    23.066] (**) Option "_source" "server/udev"
[    23.067] (II) event1  - Sleep Button: is tagged by udev as: Keyboard
[    23.067] (II) event1  - Sleep Button: device is a keyboard
[    23.067] (II) event1  - Sleep Button: device removed
[    23.067] (**) Option "config_info" "udev:/sys/devices/LNXSYSTM:00/LNXSLPBN:00/input/input1/event1"
[    23.067] (II) XINPUT: Adding extended input device "Sleep Button" (type: KEYBOARD, id 7)
[    23.067] (**) Option "xkb_model" "pc105"
[    23.067] (**) Option "xkb_layout" "fr"
[    23.067] (**) Option "xkb_variant" "latin9"
[    23.068] (II) event1  - Sleep Button: is tagged by udev as: Keyboard
[    23.068] (II) event1  - Sleep Button: device is a keyboard
[    23.068] (II) config/udev: Adding input device Video Bus (/dev/input/event3)
[    23.068] (**) Video Bus: Applying InputClass "libinput keyboard catchall"
[    23.068] (II) Using input driver 'libinput' for 'Video Bus'
[    23.069] (II) systemd-logind: got fd for /dev/input/event3 13:67 fd 24 paused 0
[    23.069] (**) Video Bus: always reports core events
[    23.069] (**) Option "Device" "/dev/input/event3"
[    23.069] (**) Option "_source" "server/udev"
[    23.069] (II) event3  - Video Bus: is tagged by udev as: Keyboard
[    23.069] (II) event3  - Video Bus: device is a keyboard
[    23.069] (II) event3  - Video Bus: device removed
[    23.069] (**) Option "config_info" "udev:/sys/devices/LNXSYSTM:00/LNXSYBUS:00/PNP0A03:00/LNXVIDEO:00/input/input4/event3"
[    23.069] (II) XINPUT: Adding extended input device "Video Bus" (type: KEYBOARD, id 8)
[    23.069] (**) Option "xkb_model" "pc105"
[    23.069] (**) Option "xkb_layout" "fr"
[    23.069] (**) Option "xkb_variant" "latin9"
[    23.070] (II) event3  - Video Bus: is tagged by udev as: Keyboard
[    23.070] (II) event3  - Video Bus: device is a keyboard
[    23.070] (II) config/udev: Adding input device VirtualBox mouse integration (/dev/input/event6)
[    23.070] (**) VirtualBox mouse integration: Applying InputClass "libinput pointer catchall"
[    23.070] (II) Using input driver 'libinput' for 'VirtualBox mouse integration'
[    23.071] (II) systemd-logind: got fd for /dev/input/event6 13:70 fd 25 paused 0
[    23.071] (**) VirtualBox mouse integration: always reports core events
[    23.071] (**) Option "Device" "/dev/input/event6"
[    23.071] (**) Option "_source" "server/udev"
[    23.071] (II) event6  - VirtualBox mouse integration: is tagged by udev as: Mouse
[    23.071] (II) event6  - VirtualBox mouse integration: device is a pointer
[    23.071] (II) event6  - VirtualBox mouse integration: device removed
[    23.071] (**) Option "config_info" "udev:/sys/devices/pci0000:00/0000:00:04.0/input/input7/event6"
[    23.071] (II) XINPUT: Adding extended input device "VirtualBox mouse integration" (type: MOUSE, id 9)
[    23.072] (**) Option "AccelerationScheme" "none"
[    23.072] (**) VirtualBox mouse integration: (accel) selected scheme none/0
[    23.072] (**) VirtualBox mouse integration: (accel) acceleration factor: 2.000
[    23.072] (**) VirtualBox mouse integration: (accel) acceleration threshold: 4
[    23.072] (II) event6  - VirtualBox mouse integration: is tagged by udev as: Mouse
[    23.072] (II) event6  - VirtualBox mouse integration: device is a pointer
[    23.072] (II) config/udev: Adding input device VirtualBox mouse integration (/dev/input/js1)
[    23.072] (II) No input driver specified, ignoring this device.
[    23.072] (II) This device may have been added with another device file.
[    23.072] (II) config/udev: Adding input device VirtualBox mouse integration (/dev/input/mouse2)
[    23.072] (II) No input driver specified, ignoring this device.
[    23.072] (II) This device may have been added with another device file.
[    23.072] (II) config/udev: Adding input device VirtualBox USB Tablet (/dev/input/event5)
[    23.072] (**) VirtualBox USB Tablet: Applying InputClass "libinput pointer catchall"
[    23.072] (II) Using input driver 'libinput' for 'VirtualBox USB Tablet'
[    23.133] (II) systemd-logind: got fd for /dev/input/event5 13:69 fd 26 paused 0
[    23.133] (**) VirtualBox USB Tablet: always reports core events
[    23.133] (**) Option "Device" "/dev/input/event5"
[    23.133] (**) Option "_source" "server/udev"
[    23.134] (II) event5  - VirtualBox USB Tablet: is tagged by udev as: Mouse
[    23.134] (II) event5  - VirtualBox USB Tablet: device is a pointer
[    23.134] (II) event5  - VirtualBox USB Tablet: device removed
[    23.134] (**) Option "config_info" "udev:/sys/devices/pci0000:00/0000:00:06.0/usb1/1-1/1-1:1.0/0003:80EE:0021.0001/input/input6/event5"
[    23.134] (II) XINPUT: Adding extended input device "VirtualBox USB Tablet" (type: MOUSE, id 10)
[    23.134] (**) Option "AccelerationScheme" "none"
[    23.134] (**) VirtualBox USB Tablet: (accel) selected scheme none/0
[    23.134] (**) VirtualBox USB Tablet: (accel) acceleration factor: 2.000
[    23.134] (**) VirtualBox USB Tablet: (accel) acceleration threshold: 4
[    23.135] (II) event5  - VirtualBox USB Tablet: is tagged by udev as: Mouse
[    23.135] (II) event5  - VirtualBox USB Tablet: device is a pointer
[    23.135] (II) config/udev: Adding input device VirtualBox USB Tablet (/dev/input/js0)
[    23.135] (II) No input driver specified, ignoring this device.
[    23.135] (II) This device may have been added with another device file.
[    23.135] (II) config/udev: Adding input device VirtualBox USB Tablet (/dev/input/mouse1)
[    23.135] (II) No input driver specified, ignoring this device.
[    23.135] (II) This device may have been added with another device file.
[    23.141] (II) config/udev: Adding input device AT Translated Set 2 keyboard (/dev/input/event2)
[    23.141] (**) AT Translated Set 2 keyboard: Applying InputClass "libinput keyboard catchall"
[    23.141] (II) Using input driver 'libinput' for 'AT Translated Set 2 keyboard'
[    23.143] (II) systemd-logind: got fd for /dev/input/event2 13:66 fd 27 paused 0
[    23.143] (**) AT Translated Set 2 keyboard: always reports core events
[    23.143] (**) Option "Device" "/dev/input/event2"
[    23.143] (**) Option "_source" "server/udev"
[    23.144] (II) event2  - AT Translated Set 2 keyboard: is tagged by udev as: Keyboard
[    23.144] (II) event2  - AT Translated Set 2 keyboard: device is a keyboard
[    23.144] (II) event2  - AT Translated Set 2 keyboard: device removed
[    23.144] (**) Option "config_info" "udev:/sys/devices/platform/i8042/serio0/input/input2/event2"
[    23.144] (II) XINPUT: Adding extended input device "AT Translated Set 2 keyboard" (type: KEYBOARD, id 11)
[    23.144] (**) Option "xkb_model" "pc105"
[    23.144] (**) Option "xkb_layout" "fr"
[    23.144] (**) Option "xkb_variant" "latin9"
[    23.145] (II) event2  - AT Translated Set 2 keyboard: is tagged by udev as: Keyboard
[    23.145] (II) event2  - AT Translated Set 2 keyboard: device is a keyboard
[    23.147] (II) config/udev: Adding input device ImExPS/2 Generic Explorer Mouse (/dev/input/event4)
[    23.147] (**) ImExPS/2 Generic Explorer Mouse: Applying InputClass "libinput pointer catchall"
[    23.147] (II) Using input driver 'libinput' for 'ImExPS/2 Generic Explorer Mouse'
[    23.148] (II) systemd-logind: got fd for /dev/input/event4 13:68 fd 28 paused 0
[    23.148] (**) ImExPS/2 Generic Explorer Mouse: always reports core events
[    23.148] (**) Option "Device" "/dev/input/event4"
[    23.148] (**) Option "_source" "server/udev"
[    23.150] (II) event4  - ImExPS/2 Generic Explorer Mouse: is tagged by udev as: Mouse
[    23.151] (II) event4  - ImExPS/2 Generic Explorer Mouse: device is a pointer
[    23.151] (II) event4  - ImExPS/2 Generic Explorer Mouse: device removed
[    23.151] (**) Option "config_info" "udev:/sys/devices/platform/i8042/serio1/input/input5/event4"
[    23.151] (II) XINPUT: Adding extended input device "ImExPS/2 Generic Explorer Mouse" (type: MOUSE, id 12)
[    23.151] (**) Option "AccelerationScheme" "none"
[    23.151] (**) ImExPS/2 Generic Explorer Mouse: (accel) selected scheme none/0
[    23.151] (**) ImExPS/2 Generic Explorer Mouse: (accel) acceleration factor: 2.000
[    23.151] (**) ImExPS/2 Generic Explorer Mouse: (accel) acceleration threshold: 4
[    23.151] (II) event4  - ImExPS/2 Generic Explorer Mouse: is tagged by udev as: Mouse
[    23.151] (II) event4  - ImExPS/2 Generic Explorer Mouse: device is a pointer
[    23.156] (II) config/udev: Adding input device ImExPS/2 Generic Explorer Mouse (/dev/input/mouse0)
[    23.156] (II) No input driver specified, ignoring this device.
[    23.156] (II) This device may have been added with another device file.
[    24.061] (EE) No surface to present from.
[   412.563] (II) event6  - VirtualBox mouse integration: SYN_DROPPED event - some input events have been lost.
[  1758.597] (II) event6  - VirtualBox mouse integration: SYN_DROPPED event - some input events have been lost.
[  4541.702] (II) event6  - VirtualBox mouse integration: SYN_DROPPED event - some input events have been lost.
